["2026-05-11T07:46:19.597", "DEBUG", "ubuntupro.config", "parse_config", 518, "Using client configuration file at /etc/ubuntu-advantage/uaclient.conf", {}]
["2026-05-11T07:46:19.598", "DEBUG", "ubuntupro.system", "load_file", 583, "Reading file: /etc/ubuntu-advantage/uaclient.conf", {}]
["2026-05-11T07:46:19.599", "DEBUG", "ubuntupro.files.files", "read", 58, "Tried to load /var/lib/ubuntu-advantage/user-config.json but file does not exist", {}]
["2026-05-11T07:46:19.601", "DEBUG", "ubuntupro.http", "configure_web_proxy", 149, "Setting no_proxy: 169.254.169.254,[fd00:ec2::254],metadata", {}]
["2026-05-11T07:46:19.601", "DEBUG", "ubuntupro.http", "configure_web_proxy", 157, "Setting global proxy dict", {}]
["2026-05-11T07:46:19.601", "DEBUG", "ubuntupro.cli", "main", 287, "Executed with sys.argv: ['/usr/bin/pro', 'api', 'u.pro.status.is_attached.v1']", {}]
["2026-05-11T07:46:19.601", "DEBUG", "ubuntupro.files.files", "read", 58, "Tried to load /var/lib/ubuntu-advantage/machine-token.json but file does not exist", {}]
["2026-05-11T07:46:19.601", "DEBUG", "ubuntupro.files.files", "read", 58, "Tried to load /var/lib/ubuntu-advantage/machine-token.json but file does not exist", {}]
["2026-05-11T07:52:08.336", "DEBUG", "ubuntupro.config", "parse_config", 518, "Using client configuration file at /etc/ubuntu-advantage/uaclient.conf", {}]
["2026-05-11T07:52:08.338", "DEBUG", "ubuntupro.system", "load_file", 583, "Reading file: /etc/ubuntu-advantage/uaclient.conf", {}]
["2026-05-11T07:52:08.338", "DEBUG", "ubuntupro.files.files", "read", 58, "Tried to load /var/lib/ubuntu-advantage/user-config.json but file does not exist", {}]
["2026-05-11T07:52:08.340", "DEBUG", "ubuntupro.http", "configure_web_proxy", 149, "Setting no_proxy: 169.254.169.254,[fd00:ec2::254],metadata", {}]
["2026-05-11T07:52:08.340", "DEBUG", "ubuntupro.http", "configure_web_proxy", 157, "Setting global proxy dict", {}]
["2026-05-11T07:52:08.340", "DEBUG", "ubuntupro.cli", "main", 287, "Executed with sys.argv: ['/usr/bin/pro', 'api', 'u.pro.status.is_attached.v1']", {}]
["2026-05-11T07:52:08.340", "DEBUG", "ubuntupro.files.files", "read", 58, "Tried to load /var/lib/ubuntu-advantage/machine-token.json but file does not exist", {}]
["2026-05-11T07:52:08.340", "DEBUG", "ubuntupro.files.files", "read", 58, "Tried to load /var/lib/ubuntu-advantage/machine-token.json but file does not exist", {}]
["2026-05-11T12:30:11.804", "DEBUG", "ubuntupro.config", "parse_config", 518, "Using client configuration file at /etc/ubuntu-advantage/uaclient.conf", {}]
["2026-05-11T12:30:11.805", "DEBUG", "ubuntupro.system", "load_file", 583, "Reading file: /etc/ubuntu-advantage/uaclient.conf", {}]
["2026-05-11T12:30:11.806", "DEBUG", "ubuntupro.files.files", "read", 58, "Tried to load /var/lib/ubuntu-advantage/user-config.json but file does not exist", {}]
["2026-05-11T12:30:11.808", "DEBUG", "ubuntupro.http", "configure_web_proxy", 149, "Setting no_proxy: 169.254.169.254,[fd00:ec2::254],metadata", {}]
["2026-05-11T12:30:11.808", "DEBUG", "ubuntupro.http", "configure_web_proxy", 157, "Setting global proxy dict", {}]
["2026-05-11T12:30:11.808", "DEBUG", "ubuntupro.cli", "main", 287, "Executed with sys.argv: ['/usr/bin/pro', 'api', 'u.pro.status.is_attached.v1']", {}]
["2026-05-11T12:30:11.808", "DEBUG", "ubuntupro.files.files", "read", 58, "Tried to load /var/lib/ubuntu-advantage/machine-token.json but file does not exist", {}]
["2026-05-11T12:30:11.808", "DEBUG", "ubuntupro.files.files", "read", 58, "Tried to load /var/lib/ubuntu-advantage/machine-token.json but file does not exist", {}]
["2026-05-11T14:38:16.101", "DEBUG", "ubuntupro.config", "parse_config", 518, "Using client configuration file at /etc/ubuntu-advantage/uaclient.conf", {}]
["2026-05-11T14:38:16.103", "DEBUG", "ubuntupro.system", "load_file", 583, "Reading file: /etc/ubuntu-advantage/uaclient.conf", {}]
["2026-05-11T14:38:16.104", "DEBUG", "ubuntupro.files.files", "read", 58, "Tried to load /var/lib/ubuntu-advantage/user-config.json but file does not exist", {}]
["2026-05-11T14:38:16.106", "DEBUG", "ubuntupro.http", "configure_web_proxy", 149, "Setting no_proxy: 169.254.169.254,[fd00:ec2::254],metadata", {}]
["2026-05-11T14:38:16.106", "DEBUG", "ubuntupro.http", "configure_web_proxy", 157, "Setting global proxy dict", {}]
["2026-05-11T14:38:16.106", "DEBUG", "ubuntupro.cli", "main", 287, "Executed with sys.argv: ['/usr/bin/pro', 'api', 'u.pro.status.is_attached.v1']", {}]
["2026-05-11T14:38:16.106", "DEBUG", "ubuntupro.files.files", "read", 58, "Tried to load /var/lib/ubuntu-advantage/machine-token.json but file does not exist", {}]
["2026-05-11T14:38:16.106", "DEBUG", "ubuntupro.files.files", "read", 58, "Tried to load /var/lib/ubuntu-advantage/machine-token.json but file does not exist", {}]
["2026-05-11T15:43:32.002", "DEBUG", "ubuntupro.config", "parse_config", 518, "Using client configuration file at /etc/ubuntu-advantage/uaclient.conf", {}]
["2026-05-11T15:43:32.003", "DEBUG", "ubuntupro.system", "load_file", 583, "Reading file: /etc/ubuntu-advantage/uaclient.conf", {}]
["2026-05-11T15:43:32.003", "DEBUG", "ubuntupro.files.files", "read", 58, "Tried to load /var/lib/ubuntu-advantage/user-config.json but file does not exist", {}]
["2026-05-11T15:43:32.006", "DEBUG", "ubuntupro.http", "configure_web_proxy", 149, "Setting no_proxy: 169.254.169.254,[fd00:ec2::254],metadata", {}]
["2026-05-11T15:43:32.006", "DEBUG", "ubuntupro.http", "configure_web_proxy", 157, "Setting global proxy dict", {}]
["2026-05-11T15:43:32.006", "DEBUG", "ubuntupro.cli", "main", 287, "Executed with sys.argv: ['/usr/bin/pro', 'api', 'u.pro.status.is_attached.v1']", {}]
["2026-05-11T15:43:32.006", "DEBUG", "ubuntupro.files.files", "read", 58, "Tried to load /var/lib/ubuntu-advantage/machine-token.json but file does not exist", {}]
["2026-05-11T15:43:32.006", "DEBUG", "ubuntupro.files.files", "read", 58, "Tried to load /var/lib/ubuntu-advantage/machine-token.json but file does not exist", {}]
["2026-05-13T15:56:14.384", "DEBUG", "ubuntupro.config", "parse_config", 518, "Using client configuration file at /etc/ubuntu-advantage/uaclient.conf", {}]
["2026-05-13T15:56:14.386", "DEBUG", "ubuntupro.system", "load_file", 583, "Reading file: /etc/ubuntu-advantage/uaclient.conf", {}]
["2026-05-13T15:56:14.386", "DEBUG", "ubuntupro.files.files", "read", 58, "Tried to load /var/lib/ubuntu-advantage/user-config.json but file does not exist", {}]
["2026-05-13T15:56:14.389", "DEBUG", "ubuntupro.http", "configure_web_proxy", 149, "Setting no_proxy: 169.254.169.254,[fd00:ec2::254],metadata", {}]
["2026-05-13T15:56:14.389", "DEBUG", "ubuntupro.http", "configure_web_proxy", 157, "Setting global proxy dict", {}]
["2026-05-13T15:56:14.389", "DEBUG", "ubuntupro.cli", "main", 287, "Executed with sys.argv: ['/usr/bin/pro', 'api', 'u.pro.status.is_attached.v1']", {}]
["2026-05-13T15:56:14.390", "DEBUG", "ubuntupro.files.files", "read", 58, "Tried to load /var/lib/ubuntu-advantage/machine-token.json but file does not exist", {}]
["2026-05-13T15:56:14.390", "DEBUG", "ubuntupro.files.files", "read", 58, "Tried to load /var/lib/ubuntu-advantage/machine-token.json but file does not exist", {}]
